# JRE version: OpenJDK Runtime Environment (8.0_212-b04) (build 1.8.0_212-release-1586-b04)
# Java VM: OpenJDK 64-Bit Server VM (25.212-b04 mixed mode windows-amd64 compressed oops)
Heap:
 PSYoungGen      total 198656K, used 180203K [0x00000000e0000000, 0x00000000ef800000, 0x0000000100000000)
  eden space 178176K, 89% used [0x00000000e0000000,0x00000000e9bff348,0x00000000eae00000)
  from space 20480K, 99% used [0x00000000eae00000,0x00000000ec1fb958,0x00000000ec200000)
  to   space 25600K, 0% used [0x00000000edf00000,0x00000000edf00000,0x00000000ef800000)
 ParOldGen       total 142336K, used 37946K [0x00000000a0000000, 0x00000000a8b00000, 0x00000000e0000000)
  object space 142336K, 26% used [0x00000000a0000000,0x00000000a250eb80,0x00000000a8b00000)
 Metaspace       used 86205K, capacity 90774K, committed 90840K, reserved 1128448K
  class space    used 11632K, capacity 12504K, committed 12504K, reserved 1048576K
GC Heap History (10 events):
Event: 7.292 GC heap before
{Heap before GC invocations=14 (full 2):
 PSYoungGen      total 145408K, used 51513K [0x00000000e0000000, 0x00000000eb880000, 0x0000000100000000)
  eden space 131072K, 28% used [0x00000000e0000000,0x00000000e246fc60,0x00000000e8000000)
  from space 14336K, 99% used [0x00000000e8000000,0x00000000e8ddea50,0x00000000e8e00000)
  to   space 15872K, 0% used [0x00000000ea900000,0x00000000ea900000,0x00000000eb880000)
 ParOldGen       total 95232K, used 24476K [0x00000000a0000000, 0x00000000a5d00000, 0x00000000e0000000)
  object space 95232K, 25% used [0x00000000a0000000,0x00000000a17e7248,0x00000000a5d00000)
 Metaspace       used 57066K, capacity 59084K, committed 59096K, reserved 1099776K
  class space    used 7904K, capacity 8397K, committed 8408K, reserved 1048576K
Event: 7.300 GC heap after
Heap after GC invocations=14 (full 2):
 PSYoungGen      total 172544K, used 11283K [0x00000000e0000000, 0x00000000ec280000, 0x0000000100000000)
  eden space 156672K, 0% used [0x00000000e0000000,0x00000000e0000000,0x00000000e9900000)
  from space 15872K, 71% used [0x00000000ea900000,0x00000000eb404ec8,0x00000000eb880000)
  to   space 16384K, 0% used [0x00000000e9900000,0x00000000e9900000,0x00000000ea900000)
 ParOldGen       total 95232K, used 24484K [0x00000000a0000000, 0x00000000a5d00000, 0x00000000e0000000)
  object space 95232K, 25% used [0x00000000a0000000,0x00000000a17e9248,0x00000000a5d00000)
 Metaspace       used 57066K, capacity 59084K, committed 59096K, reserved 1099776K
  class space    used 7904K, capacity 8397K, committed 8408K, reserved 1048576K
}
Event: 7.300 GC heap before
{Heap before GC invocations=15 (full 3):
 PSYoungGen      total 172544K, used 11283K [0x00000000e0000000, 0x00000000ec280000, 0x0000000100000000)
  eden space 156672K, 0% used [0x00000000e0000000,0x00000000e0000000,0x00000000e9900000)
  from space 15872K, 71% used [0x00000000ea900000,0x00000000eb404ec8,0x00000000eb880000)
  to   space 16384K, 0% used [0x00000000e9900000,0x00000000e9900000,0x00000000ea900000)
 ParOldGen       total 95232K, used 24484K [0x00000000a0000000, 0x00000000a5d00000, 0x00000000e0000000)
  object space 95232K, 25% used [0x00000000a0000000,0x00000000a17e9248,0x00000000a5d00000)
 Metaspace       used 57066K, capacity 59084K, committed 59096K, reserved 1099776K
  class space    used 7904K, capacity 8397K, committed 8408K, reserved 1048576K
Event: 7.504 GC heap after
Heap after GC invocations=15 (full 3):
 PSYoungGen      total 172544K, used 0K [0x00000000e0000000, 0x00000000ec280000, 0x0000000100000000)
  eden space 156672K, 0% used [0x00000000e0000000,0x00000000e0000000,0x00000000e9900000)
  from space 15872K, 0% used [0x00000000ea900000,0x00000000ea900000,0x00000000eb880000)
  to   space 16384K, 0% used [0x00000000e9900000,0x00000000e9900000,0x00000000ea900000)
 ParOldGen       total 142336K, used 31188K [0x00000000a0000000, 0x00000000a8b00000, 0x00000000e0000000)
  object space 142336K, 21% used [0x00000000a0000000,0x00000000a1e75208,0x00000000a8b00000)
 Metaspace       used 56969K, capacity 58816K, committed 59096K, reserved 1099776K
  class space    used 7875K, capacity 8345K, committed 8408K, reserved 1048576K
}
Event: 9.347 GC heap before
{Heap before GC invocations=16 (full 3):
 PSYoungGen      total 172544K, used 156672K [0x00000000e0000000, 0x00000000ec280000, 0x0000000100000000)
  eden space 156672K, 100% used [0x00000000e0000000,0x00000000e9900000,0x00000000e9900000)
  from space 15872K, 0% used [0x00000000ea900000,0x00000000ea900000,0x00000000eb880000)
  to   space 16384K, 0% used [0x00000000e9900000,0x00000000e9900000,0x00000000ea900000)
 ParOldGen       total 142336K, used 31188K [0x00000000a0000000, 0x00000000a8b00000, 0x00000000e0000000)
  object space 142336K, 21% used [0x00000000a0000000,0x00000000a1e75208,0x00000000a8b00000)
 Metaspace       used 60092K, capacity 62530K, committed 62552K, reserved 1103872K
  class space    used 8263K, capacity 8786K, committed 8792K, reserved 1048576K
Event: 9.359 GC heap after
Heap after GC invocations=16 (full 3):
 PSYoungGen      total 173056K, used 16243K [0x00000000e0000000, 0x00000000ed480000, 0x0000000100000000)
  eden space 156672K, 0% used [0x00000000e0000000,0x00000000e0000000,0x00000000e9900000)
  from space 16384K, 99% used [0x00000000e9900000,0x00000000ea8dcc38,0x00000000ea900000)
  to   space 18432K, 0% used [0x00000000ec280000,0x00000000ec280000,0x00000000ed480000)
 ParOldGen       total 142336K, used 31196K [0x00000000a0000000, 0x00000000a8b00000, 0x00000000e0000000)
  object space 142336K, 21% used [0x00000000a0000000,0x00000000a1e77208,0x00000000a8b00000)
 Metaspace       used 60092K, capacity 62530K, committed 62552K, reserved 1103872K
  class space    used 8263K, capacity 8786K, committed 8792K, reserved 1048576K
}
Event: 11.654 GC heap before
{Heap before GC invocations=17 (full 3):
 PSYoungGen      total 173056K, used 172915K [0x00000000e0000000, 0x00000000ed480000, 0x0000000100000000)
  eden space 156672K, 100% used [0x00000000e0000000,0x00000000e9900000,0x00000000e9900000)
  from space 16384K, 99% used [0x00000000e9900000,0x00000000ea8dcc38,0x00000000ea900000)
  to   space 18432K, 0% used [0x00000000ec280000,0x00000000ec280000,0x00000000ed480000)
 ParOldGen       total 142336K, used 31196K [0x00000000a0000000, 0x00000000a8b00000, 0x00000000e0000000)
  object space 142336K, 21% used [0x00000000a0000000,0x00000000a1e77208,0x00000000a8b00000)
 Metaspace       used 65309K, capacity 67848K, committed 68184K, reserved 1107968K
  class space    used 8886K, capacity 9449K, committed 9560K, reserved 1048576K
Event: 11.665 GC heap after
Heap after GC invocations=17 (full 3):
 PSYoungGen      total 196608K, used 17948K [0x00000000e0000000, 0x00000000ed600000, 0x0000000100000000)
  eden space 178176K, 0% used [0x00000000e0000000,0x00000000e0000000,0x00000000eae00000)
  from space 18432K, 97% used [0x00000000ec280000,0x00000000ed407340,0x00000000ed480000)
  to   space 20480K, 0% used [0x00000000eae00000,0x00000000eae00000,0x00000000ec200000)
 ParOldGen       total 142336K, used 31204K [0x00000000a0000000, 0x00000000a8b00000, 0x00000000e0000000)
  object space 142336K, 21% used [0x00000000a0000000,0x00000000a1e79208,0x00000000a8b00000)
 Metaspace       used 65309K, capacity 67848K, committed 68184K, reserved 1107968K
  class space    used 8886K, capacity 9449K, committed 9560K, reserved 1048576K
}
Event: 13.630 GC heap before
{Heap before GC invocations=18 (full 3):
 PSYoungGen      total 196608K, used 196124K [0x00000000e0000000, 0x00000000ed600000, 0x0000000100000000)
  eden space 178176K, 100% used [0x00000000e0000000,0x00000000eae00000,0x00000000eae00000)
  from space 18432K, 97% used [0x00000000ec280000,0x00000000ed407340,0x00000000ed480000)
  to   space 20480K, 0% used [0x00000000eae00000,0x00000000eae00000,0x00000000ec200000)
 ParOldGen       total 142336K, used 31204K [0x00000000a0000000, 0x00000000a8b00000, 0x00000000e0000000)
  object space 142336K, 21% used [0x00000000a0000000,0x00000000a1e79208,0x00000000a8b00000)
 Metaspace       used 81827K, capacity 86312K, committed 86488K, reserved 1124352K
  class space    used 11381K, capacity 12235K, committed 12248K, reserved 1048576K
Event: 13.652 GC heap after
Heap after GC invocations=18 (full 3):
 PSYoungGen      total 198656K, used 20462K [0x00000000e0000000, 0x00000000ef800000, 0x0000000100000000)
  eden space 178176K, 0% used [0x00000000e0000000,0x00000000e0000000,0x00000000eae00000)
  from space 20480K, 99% used [0x00000000eae00000,0x00000000ec1fb958,0x00000000ec200000)
  to   space 25600K, 0% used [0x00000000edf00000,0x00000000edf00000,0x00000000ef800000)
 ParOldGen       total 142336K, used 37946K [0x00000000a0000000, 0x00000000a8b00000, 0x00000000e0000000)
  object space 142336K, 26% used [0x00000000a0000000,0x00000000a250eb80,0x00000000a8b00000)
 Metaspace       used 81827K, capacity 86312K, committed 86488K, reserved 1124352K
  class space    used 11381K, capacity 12235K, committed 12248K, reserved 1048576K
}

