# JRE version: OpenJDK Runtime Environment (8.0_212-b04) (build 1.8.0_212-release-1586-b04)
# Java VM: OpenJDK 64-Bit Server VM (25.212-b04 mixed mode windows-amd64 compressed oops)
Heap:
 PSYoungGen      total 212480K, used 146057K [0x00000000e0000000, 0x00000000ee880000, 0x0000000100000000)
  eden space 186880K, 70% used [0x00000000e0000000,0x00000000e810b550,0x00000000eb680000)
  from space 25600K, 54% used [0x00000000eb680000,0x00000000ec4171b0,0x00000000ecf80000)
  to   space 24576K, 0% used [0x00000000ed080000,0x00000000ed080000,0x00000000ee880000)
 ParOldGen       total 226816K, used 52857K [0x00000000a0000000, 0x00000000add80000, 0x00000000e0000000)
  object space 226816K, 23% used [0x00000000a0000000,0x00000000a339e518,0x00000000add80000)
 Metaspace       used 100250K, capacity 107162K, committed 107224K, reserved 1142784K
  class space    used 13002K, capacity 14282K, committed 14296K, reserved 1048576K
GC Heap History (10 events):
Event: 3101.944 GC heap before
{Heap before GC invocations=25 (full 4):
 PSYoungGen      total 199168K, used 192416K [0x00000000e0000000, 0x00000000ee000000, 0x0000000100000000)
  eden space 177664K, 100% used [0x00000000e0000000,0x00000000ead80000,0x00000000ead80000)
  from space 21504K, 68% used [0x00000000ec380000,0x00000000ed1e8030,0x00000000ed880000)
  to   space 22528K, 0% used [0x00000000ead80000,0x00000000ead80000,0x00000000ec380000)
 ParOldGen       total 226816K, used 52817K [0x00000000a0000000, 0x00000000add80000, 0x00000000e0000000)
  object space 226816K, 23% used [0x00000000a0000000,0x00000000a3394518,0x00000000add80000)
 Metaspace       used 97083K, capacity 102604K, committed 103000K, reserved 1138688K
  class space    used 12723K, capacity 13819K, committed 13912K, reserved 1048576K
Event: 3101.987 GC heap after
Heap after GC invocations=25 (full 4):
 PSYoungGen      total 200192K, used 16692K [0x00000000e0000000, 0x00000000ee100000, 0x0000000100000000)
  eden space 177664K, 0% used [0x00000000e0000000,0x00000000e0000000,0x00000000ead80000)
  from space 22528K, 74% used [0x00000000ead80000,0x00000000ebdcd3f8,0x00000000ec380000)
  to   space 23552K, 0% used [0x00000000eca00000,0x00000000eca00000,0x00000000ee100000)
 ParOldGen       total 226816K, used 52825K [0x00000000a0000000, 0x00000000add80000, 0x00000000e0000000)
  object space 226816K, 23% used [0x00000000a0000000,0x00000000a3396518,0x00000000add80000)
 Metaspace       used 97083K, capacity 102604K, committed 103000K, reserved 1138688K
  class space    used 12723K, capacity 13819K, committed 13912K, reserved 1048576K
}
Event: 3139.746 GC heap before
{Heap before GC invocations=26 (full 4):
 PSYoungGen      total 200192K, used 194356K [0x00000000e0000000, 0x00000000ee100000, 0x0000000100000000)
  eden space 177664K, 100% used [0x00000000e0000000,0x00000000ead80000,0x00000000ead80000)
  from space 22528K, 74% used [0x00000000ead80000,0x00000000ebdcd3f8,0x00000000ec380000)
  to   space 23552K, 0% used [0x00000000eca00000,0x00000000eca00000,0x00000000ee100000)
 ParOldGen       total 226816K, used 52825K [0x00000000a0000000, 0x00000000add80000, 0x00000000e0000000)
  object space 226816K, 23% used [0x00000000a0000000,0x00000000a3396518,0x00000000add80000)
 Metaspace       used 97731K, capacity 103374K, committed 103640K, reserved 1138688K
  class space    used 12775K, capacity 13896K, committed 14040K, reserved 1048576K
Event: 3139.803 GC heap after
Heap after GC invocations=26 (full 4):
 PSYoungGen      total 205824K, used 14618K [0x00000000e0000000, 0x00000000ee000000, 0x0000000100000000)
  eden space 183296K, 0% used [0x00000000e0000000,0x00000000e0000000,0x00000000eb300000)
  from space 22528K, 64% used [0x00000000eca00000,0x00000000ed846a30,0x00000000ee000000)
  to   space 23040K, 0% used [0x00000000eb300000,0x00000000eb300000,0x00000000ec980000)
 ParOldGen       total 226816K, used 52833K [0x00000000a0000000, 0x00000000add80000, 0x00000000e0000000)
  object space 226816K, 23% used [0x00000000a0000000,0x00000000a3398518,0x00000000add80000)
 Metaspace       used 97731K, capacity 103374K, committed 103640K, reserved 1138688K
  class space    used 12775K, capacity 13896K, committed 14040K, reserved 1048576K
}
Event: 5495.368 GC heap before
{Heap before GC invocations=27 (full 4):
 PSYoungGen      total 205824K, used 197914K [0x00000000e0000000, 0x00000000ee000000, 0x0000000100000000)
  eden space 183296K, 100% used [0x00000000e0000000,0x00000000eb300000,0x00000000eb300000)
  from space 22528K, 64% used [0x00000000eca00000,0x00000000ed846a30,0x00000000ee000000)
  to   space 23040K, 0% used [0x00000000eb300000,0x00000000eb300000,0x00000000ec980000)
 ParOldGen       total 226816K, used 52833K [0x00000000a0000000, 0x00000000add80000, 0x00000000e0000000)
  object space 226816K, 23% used [0x00000000a0000000,0x00000000a3398518,0x00000000add80000)
 Metaspace       used 98648K, capacity 104270K, committed 104408K, reserved 1140736K
  class space    used 12817K, capacity 13940K, committed 14040K, reserved 1048576K
Event: 5495.447 GC heap after
Heap after GC invocations=27 (full 4):
 PSYoungGen      total 206336K, used 19893K [0x00000000e0000000, 0x00000000ee780000, 0x0000000100000000)
  eden space 183296K, 0% used [0x00000000e0000000,0x00000000e0000000,0x00000000eb300000)
  from space 23040K, 86% used [0x00000000eb300000,0x00000000ec66d688,0x00000000ec980000)
  to   space 24576K, 0% used [0x00000000ecf80000,0x00000000ecf80000,0x00000000ee780000)
 ParOldGen       total 226816K, used 52841K [0x00000000a0000000, 0x00000000add80000, 0x00000000e0000000)
  object space 226816K, 23% used [0x00000000a0000000,0x00000000a339a518,0x00000000add80000)
 Metaspace       used 98648K, capacity 104270K, committed 104408K, reserved 1140736K
  class space    used 12817K, capacity 13940K, committed 14040K, reserved 1048576K
}
Event: 5599.189 GC heap before
{Heap before GC invocations=28 (full 4):
 PSYoungGen      total 206336K, used 203189K [0x00000000e0000000, 0x00000000ee780000, 0x0000000100000000)
  eden space 183296K, 100% used [0x00000000e0000000,0x00000000eb300000,0x00000000eb300000)
  from space 23040K, 86% used [0x00000000eb300000,0x00000000ec66d688,0x00000000ec980000)
  to   space 24576K, 0% used [0x00000000ecf80000,0x00000000ecf80000,0x00000000ee780000)
 ParOldGen       total 226816K, used 52841K [0x00000000a0000000, 0x00000000add80000, 0x00000000e0000000)
  object space 226816K, 23% used [0x00000000a0000000,0x00000000a339a518,0x00000000add80000)
 Metaspace       used 99169K, capacity 105008K, committed 105176K, reserved 1140736K
  class space    used 12825K, capacity 13955K, committed 14040K, reserved 1048576K
Event: 5599.211 GC heap after
Heap after GC invocations=28 (full 4):
 PSYoungGen      total 211456K, used 19368K [0x00000000e0000000, 0x00000000ee880000, 0x0000000100000000)
  eden space 186880K, 0% used [0x00000000e0000000,0x00000000e0000000,0x00000000eb680000)
  from space 24576K, 78% used [0x00000000ecf80000,0x00000000ee26a168,0x00000000ee780000)
  to   space 25600K, 0% used [0x00000000eb680000,0x00000000eb680000,0x00000000ecf80000)
 ParOldGen       total 226816K, used 52849K [0x00000000a0000000, 0x00000000add80000, 0x00000000e0000000)
  object space 226816K, 23% used [0x00000000a0000000,0x00000000a339c518,0x00000000add80000)
 Metaspace       used 99169K, capacity 105008K, committed 105176K, reserved 1140736K
  class space    used 12825K, capacity 13955K, committed 14040K, reserved 1048576K
}
Event: 5921.665 GC heap before
{Heap before GC invocations=29 (full 4):
 PSYoungGen      total 211456K, used 206245K [0x00000000e0000000, 0x00000000ee880000, 0x0000000100000000)
  eden space 186880K, 99% used [0x00000000e0000000,0x00000000eb67f3d8,0x00000000eb680000)
  from space 24576K, 78% used [0x00000000ecf80000,0x00000000ee26a168,0x00000000ee780000)
  to   space 25600K, 0% used [0x00000000eb680000,0x00000000eb680000,0x00000000ecf80000)
 ParOldGen       total 226816K, used 52849K [0x00000000a0000000, 0x00000000add80000, 0x00000000e0000000)
  object space 226816K, 23% used [0x00000000a0000000,0x00000000a339c518,0x00000000add80000)
 Metaspace       used 100163K, capacity 107092K, committed 107224K, reserved 1142784K
  class space    used 13001K, capacity 14281K, committed 14296K, reserved 1048576K
Event: 5921.691 GC heap after
Heap after GC invocations=29 (full 4):
 PSYoungGen      total 212480K, used 13916K [0x00000000e0000000, 0x00000000ee880000, 0x0000000100000000)
  eden space 186880K, 0% used [0x00000000e0000000,0x00000000e0000000,0x00000000eb680000)
  from space 25600K, 54% used [0x00000000eb680000,0x00000000ec4171b0,0x00000000ecf80000)
  to   space 24576K, 0% used [0x00000000ed080000,0x00000000ed080000,0x00000000ee880000)
 ParOldGen       total 226816K, used 52857K [0x00000000a0000000, 0x00000000add80000, 0x00000000e0000000)
  object space 226816K, 23% used [0x00000000a0000000,0x00000000a339e518,0x00000000add80000)
 Metaspace       used 100163K, capacity 107092K, committed 107224K, reserved 1142784K
  class space    used 13001K, capacity 14281K, committed 14296K, reserved 1048576K
}

