# JRE version: OpenJDK Runtime Environment (8.0_212-b04) (build 1.8.0_212-release-1586-b04)
# Java VM: OpenJDK 64-Bit Server VM (25.212-b04 mixed mode windows-amd64 compressed oops)
Heap:
 PSYoungGen      total 175104K, used 65215K [0x00000000e0000000, 0x00000000ebf80000, 0x0000000100000000)
  eden space 157184K, 41% used [0x00000000e0000000,0x00000000e3fafc40,0x00000000e9980000)
  from space 17920K, 0% used [0x00000000eaa80000,0x00000000eaa80000,0x00000000ebc00000)
  to   space 17408K, 0% used [0x00000000e9980000,0x00000000e9980000,0x00000000eaa80000)
 ParOldGen       total 146432K, used 31455K [0x00000000a0000000, 0x00000000a8f00000, 0x00000000e0000000)
  object space 146432K, 21% used [0x00000000a0000000,0x00000000a1eb7e20,0x00000000a8f00000)
 Metaspace       used 58502K, capacity 60688K, committed 60888K, reserved 1101824K
  class space    used 8072K, capacity 8590K, committed 8664K, reserved 1048576K
GC Heap History (10 events):
Event: 4.740 GC heap before
{Heap before GC invocations=11 (full 2):
 PSYoungGen      total 110080K, used 10499K [0x00000000e0000000, 0x00000000e9700000, 0x0000000100000000)
  eden space 98304K, 0% used [0x00000000e0000000,0x00000000e0000000,0x00000000e6000000)
  from space 11776K, 89% used [0x00000000e6000000,0x00000000e6a40f58,0x00000000e6b80000)
  to   space 12288K, 0% used [0x00000000e8b00000,0x00000000e8b00000,0x00000000e9700000)
 ParOldGen       total 62464K, used 9782K [0x00000000a0000000, 0x00000000a3d00000, 0x00000000e0000000)
  object space 62464K, 15% used [0x00000000a0000000,0x00000000a098da28,0x00000000a3d00000)
 Metaspace       used 34610K, capacity 35390K, committed 35456K, reserved 1079296K
  class space    used 4751K, capacity 4964K, committed 4992K, reserved 1048576K
Event: 4.786 GC heap after
Heap after GC invocations=11 (full 2):
 PSYoungGen      total 110080K, used 0K [0x00000000e0000000, 0x00000000e9700000, 0x0000000100000000)
  eden space 98304K, 0% used [0x00000000e0000000,0x00000000e0000000,0x00000000e6000000)
  from space 11776K, 0% used [0x00000000e6000000,0x00000000e6000000,0x00000000e6b80000)
  to   space 12288K, 0% used [0x00000000e8b00000,0x00000000e8b00000,0x00000000e9700000)
 ParOldGen       total 96768K, used 17346K [0x00000000a0000000, 0x00000000a5e80000, 0x00000000e0000000)
  object space 96768K, 17% used [0x00000000a0000000,0x00000000a10f0a98,0x00000000a5e80000)
 Metaspace       used 34598K, capacity 35348K, committed 35456K, reserved 1079296K
  class space    used 4747K, capacity 4957K, committed 4992K, reserved 1048576K
}
Event: 6.057 GC heap before
{Heap before GC invocations=12 (full 2):
 PSYoungGen      total 110080K, used 98205K [0x00000000e0000000, 0x00000000e9700000, 0x0000000100000000)
  eden space 98304K, 99% used [0x00000000e0000000,0x00000000e5fe7440,0x00000000e6000000)
  from space 11776K, 0% used [0x00000000e6000000,0x00000000e6000000,0x00000000e6b80000)
  to   space 12288K, 0% used [0x00000000e8b00000,0x00000000e8b00000,0x00000000e9700000)
 ParOldGen       total 96768K, used 17346K [0x00000000a0000000, 0x00000000a5e80000, 0x00000000e0000000)
  object space 96768K, 17% used [0x00000000a0000000,0x00000000a10f0a98,0x00000000a5e80000)
 Metaspace       used 44562K, capacity 45660K, committed 45824K, reserved 1089536K
  class space    used 6010K, capacity 6316K, committed 6400K, reserved 1048576K
Event: 6.070 GC heap after
Heap after GC invocations=12 (full 2):
 PSYoungGen      total 136704K, used 12282K [0x00000000e0000000, 0x00000000e9700000, 0x0000000100000000)
  eden space 124416K, 0% used [0x00000000e0000000,0x00000000e0000000,0x00000000e7980000)
  from space 12288K, 99% used [0x00000000e8b00000,0x00000000e96fea50,0x00000000e9700000)
  to   space 14336K, 0% used [0x00000000e7b00000,0x00000000e7b00000,0x00000000e8900000)
 ParOldGen       total 96768K, used 18173K [0x00000000a0000000, 0x00000000a5e80000, 0x00000000e0000000)
  object space 96768K, 18% used [0x00000000a0000000,0x00000000a11bf740,0x00000000a5e80000)
 Metaspace       used 44562K, capacity 45660K, committed 45824K, reserved 1089536K
  class space    used 6010K, capacity 6316K, committed 6400K, reserved 1048576K
}
Event: 7.734 GC heap before
{Heap before GC invocations=13 (full 2):
 PSYoungGen      total 136704K, used 136698K [0x00000000e0000000, 0x00000000e9700000, 0x0000000100000000)
  eden space 124416K, 100% used [0x00000000e0000000,0x00000000e7980000,0x00000000e7980000)
  from space 12288K, 99% used [0x00000000e8b00000,0x00000000e96fea50,0x00000000e9700000)
  to   space 14336K, 0% used [0x00000000e7b00000,0x00000000e7b00000,0x00000000e8900000)
 ParOldGen       total 96768K, used 18173K [0x00000000a0000000, 0x00000000a5e80000, 0x00000000e0000000)
  object space 96768K, 18% used [0x00000000a0000000,0x00000000a11bf740,0x00000000a5e80000)
 Metaspace       used 54754K, capacity 56464K, committed 56704K, reserved 1097728K
  class space    used 7548K, capacity 7957K, committed 8064K, reserved 1048576K
Event: 7.751 GC heap after
Heap after GC invocations=13 (full 2):
 PSYoungGen      total 140288K, used 14331K [0x00000000e0000000, 0x00000000ebc00000, 0x0000000100000000)
  eden space 125952K, 0% used [0x00000000e0000000,0x00000000e0000000,0x00000000e7b00000)
  from space 14336K, 99% used [0x00000000e7b00000,0x00000000e88fec28,0x00000000e8900000)
  to   space 17920K, 0% used [0x00000000eaa80000,0x00000000eaa80000,0x00000000ebc00000)
 ParOldGen       total 96768K, used 23235K [0x00000000a0000000, 0x00000000a5e80000, 0x00000000e0000000)
  object space 96768K, 24% used [0x00000000a0000000,0x00000000a16b0f88,0x00000000a5e80000)
 Metaspace       used 54754K, capacity 56464K, committed 56704K, reserved 1097728K
  class space    used 7548K, capacity 7957K, committed 8064K, reserved 1048576K
}
Event: 8.376 GC heap before
{Heap before GC invocations=14 (full 2):
 PSYoungGen      total 140288K, used 55421K [0x00000000e0000000, 0x00000000ebc00000, 0x0000000100000000)
  eden space 125952K, 32% used [0x00000000e0000000,0x00000000e2820870,0x00000000e7b00000)
  from space 14336K, 99% used [0x00000000e7b00000,0x00000000e88fec28,0x00000000e8900000)
  to   space 17920K, 0% used [0x00000000eaa80000,0x00000000eaa80000,0x00000000ebc00000)
 ParOldGen       total 96768K, used 23235K [0x00000000a0000000, 0x00000000a5e80000, 0x00000000e0000000)
  object space 96768K, 24% used [0x00000000a0000000,0x00000000a16b0f88,0x00000000a5e80000)
 Metaspace       used 57101K, capacity 59092K, committed 59096K, reserved 1099776K
  class space    used 7909K, capacity 8404K, committed 8408K, reserved 1048576K
Event: 8.390 GC heap after
Heap after GC invocations=14 (full 2):
 PSYoungGen      total 175104K, used 5113K [0x00000000e0000000, 0x00000000ebf80000, 0x0000000100000000)
  eden space 157184K, 0% used [0x00000000e0000000,0x00000000e0000000,0x00000000e9980000)
  from space 17920K, 28% used [0x00000000eaa80000,0x00000000eaf7e5c8,0x00000000ebc00000)
  to   space 17408K, 0% used [0x00000000e9980000,0x00000000e9980000,0x00000000eaa80000)
 ParOldGen       total 96768K, used 35560K [0x00000000a0000000, 0x00000000a5e80000, 0x00000000e0000000)
  object space 96768K, 36% used [0x00000000a0000000,0x00000000a22ba2d0,0x00000000a5e80000)
 Metaspace       used 57101K, capacity 59092K, committed 59096K, reserved 1099776K
  class space    used 7909K, capacity 8404K, committed 8408K, reserved 1048576K
}
Event: 8.390 GC heap before
{Heap before GC invocations=15 (full 3):
 PSYoungGen      total 175104K, used 5113K [0x00000000e0000000, 0x00000000ebf80000, 0x0000000100000000)
  eden space 157184K, 0% used [0x00000000e0000000,0x00000000e0000000,0x00000000e9980000)
  from space 17920K, 28% used [0x00000000eaa80000,0x00000000eaf7e5c8,0x00000000ebc00000)
  to   space 17408K, 0% used [0x00000000e9980000,0x00000000e9980000,0x00000000eaa80000)
 ParOldGen       total 96768K, used 35560K [0x00000000a0000000, 0x00000000a5e80000, 0x00000000e0000000)
  object space 96768K, 36% used [0x00000000a0000000,0x00000000a22ba2d0,0x00000000a5e80000)
 Metaspace       used 57101K, capacity 59092K, committed 59096K, reserved 1099776K
  class space    used 7909K, capacity 8404K, committed 8408K, reserved 1048576K
Event: 8.605 GC heap after
Heap after GC invocations=15 (full 3):
 PSYoungGen      total 175104K, used 0K [0x00000000e0000000, 0x00000000ebf80000, 0x0000000100000000)
  eden space 157184K, 0% used [0x00000000e0000000,0x00000000e0000000,0x00000000e9980000)
  from space 17920K, 0% used [0x00000000eaa80000,0x00000000eaa80000,0x00000000ebc00000)
  to   space 17408K, 0% used [0x00000000e9980000,0x00000000e9980000,0x00000000eaa80000)
 ParOldGen       total 146432K, used 31455K [0x00000000a0000000, 0x00000000a8f00000, 0x00000000e0000000)
  object space 146432K, 21% used [0x00000000a0000000,0x00000000a1eb7e20,0x00000000a8f00000)
 Metaspace       used 57005K, capacity 58842K, committed 59096K, reserved 1099776K
  class space    used 7877K, capacity 8347K, committed 8408K, reserved 1048576K
}

