# JRE version: OpenJDK Runtime Environment (8.0_212-b04) (build 1.8.0_212-release-1586-b04)
# Java VM: OpenJDK 64-Bit Server VM (25.212-b04 mixed mode windows-amd64 compressed oops)
Heap:
 PSYoungGen      total 179200K, used 144023K [0x00000000e0000000, 0x00000000ec800000, 0x0000000100000000)
  eden space 160768K, 89% used [0x00000000e0000000,0x00000000e8ca5c40,0x00000000e9d00000)
  from space 18432K, 0% used [0x00000000eaf00000,0x00000000eaf00000,0x00000000ec100000)
  to   space 18432K, 0% used [0x00000000e9d00000,0x00000000e9d00000,0x00000000eaf00000)
 ParOldGen       total 94208K, used 31018K [0x00000000a0000000, 0x00000000a5c00000, 0x00000000e0000000)
  object space 94208K, 32% used [0x00000000a0000000,0x00000000a1e4a828,0x00000000a5c00000)
 Metaspace       used 60769K, capacity 63250K, committed 63488K, reserved 1103872K
  class space    used 8387K, capacity 8916K, committed 8960K, reserved 1048576K
GC Heap History (10 events):
Event: 3.843 GC heap before
{Heap before GC invocations=11 (full 2):
 PSYoungGen      total 112128K, used 10467K [0x00000000e0000000, 0x00000000e9b80000, 0x0000000100000000)
  eden space 100352K, 0% used [0x00000000e0000000,0x00000000e0000000,0x00000000e6200000)
  from space 11776K, 88% used [0x00000000e6200000,0x00000000e6c38cc8,0x00000000e6d80000)
  to   space 12288K, 0% used [0x00000000e8f80000,0x00000000e8f80000,0x00000000e9b80000)
 ParOldGen       total 60928K, used 9823K [0x00000000a0000000, 0x00000000a3b80000, 0x00000000e0000000)
  object space 60928K, 16% used [0x00000000a0000000,0x00000000a0997e88,0x00000000a3b80000)
 Metaspace       used 34642K, capacity 35440K, committed 35496K, reserved 1079296K
  class space    used 4761K, capacity 4973K, committed 4992K, reserved 1048576K
Event: 3.882 GC heap after
Heap after GC invocations=11 (full 2):
 PSYoungGen      total 112128K, used 0K [0x00000000e0000000, 0x00000000e9b80000, 0x0000000100000000)
  eden space 100352K, 0% used [0x00000000e0000000,0x00000000e0000000,0x00000000e6200000)
  from space 11776K, 0% used [0x00000000e6200000,0x00000000e6200000,0x00000000e6d80000)
  to   space 12288K, 0% used [0x00000000e8f80000,0x00000000e8f80000,0x00000000e9b80000)
 ParOldGen       total 94208K, used 17326K [0x00000000a0000000, 0x00000000a5c00000, 0x00000000e0000000)
  object space 94208K, 18% used [0x00000000a0000000,0x00000000a10ebb50,0x00000000a5c00000)
 Metaspace       used 34617K, capacity 35356K, committed 35496K, reserved 1079296K
  class space    used 4753K, capacity 4959K, committed 4992K, reserved 1048576K
}
Event: 4.846 GC heap before
{Heap before GC invocations=12 (full 2):
 PSYoungGen      total 112128K, used 100147K [0x00000000e0000000, 0x00000000e9b80000, 0x0000000100000000)
  eden space 100352K, 99% used [0x00000000e0000000,0x00000000e61ccce8,0x00000000e6200000)
  from space 11776K, 0% used [0x00000000e6200000,0x00000000e6200000,0x00000000e6d80000)
  to   space 12288K, 0% used [0x00000000e8f80000,0x00000000e8f80000,0x00000000e9b80000)
 ParOldGen       total 94208K, used 17326K [0x00000000a0000000, 0x00000000a5c00000, 0x00000000e0000000)
  object space 94208K, 18% used [0x00000000a0000000,0x00000000a10ebb50,0x00000000a5c00000)
 Metaspace       used 44567K, capacity 45662K, committed 45824K, reserved 1089536K
  class space    used 6012K, capacity 6317K, committed 6400K, reserved 1048576K
Event: 4.858 GC heap after
Heap after GC invocations=12 (full 2):
 PSYoungGen      total 139776K, used 12276K [0x00000000e0000000, 0x00000000e9b80000, 0x0000000100000000)
  eden space 127488K, 0% used [0x00000000e0000000,0x00000000e0000000,0x00000000e7c80000)
  from space 12288K, 99% used [0x00000000e8f80000,0x00000000e9b7d278,0x00000000e9b80000)
  to   space 14336K, 0% used [0x00000000e7f80000,0x00000000e7f80000,0x00000000e8d80000)
 ParOldGen       total 94208K, used 19054K [0x00000000a0000000, 0x00000000a5c00000, 0x00000000e0000000)
  object space 94208K, 20% used [0x00000000a0000000,0x00000000a129bbf8,0x00000000a5c00000)
 Metaspace       used 44567K, capacity 45662K, committed 45824K, reserved 1089536K
  class space    used 6012K, capacity 6317K, committed 6400K, reserved 1048576K
}
Event: 6.119 GC heap before
{Heap before GC invocations=13 (full 2):
 PSYoungGen      total 139776K, used 139764K [0x00000000e0000000, 0x00000000e9b80000, 0x0000000100000000)
  eden space 127488K, 100% used [0x00000000e0000000,0x00000000e7c80000,0x00000000e7c80000)
  from space 12288K, 99% used [0x00000000e8f80000,0x00000000e9b7d278,0x00000000e9b80000)
  to   space 14336K, 0% used [0x00000000e7f80000,0x00000000e7f80000,0x00000000e8d80000)
 ParOldGen       total 94208K, used 19054K [0x00000000a0000000, 0x00000000a5c00000, 0x00000000e0000000)
  object space 94208K, 20% used [0x00000000a0000000,0x00000000a129bbf8,0x00000000a5c00000)
 Metaspace       used 55308K, capacity 57018K, committed 57216K, reserved 1097728K
  class space    used 7629K, capacity 8038K, committed 8064K, reserved 1048576K
Event: 6.132 GC heap after
Heap after GC invocations=13 (full 2):
 PSYoungGen      total 144896K, used 14316K [0x00000000e0000000, 0x00000000ec100000, 0x0000000100000000)
  eden space 130560K, 0% used [0x00000000e0000000,0x00000000e0000000,0x00000000e7f80000)
  from space 14336K, 99% used [0x00000000e7f80000,0x00000000e8d7b2a0,0x00000000e8d80000)
  to   space 18432K, 0% used [0x00000000eaf00000,0x00000000eaf00000,0x00000000ec100000)
 ParOldGen       total 94208K, used 24998K [0x00000000a0000000, 0x00000000a5c00000, 0x00000000e0000000)
  object space 94208K, 26% used [0x00000000a0000000,0x00000000a1869818,0x00000000a5c00000)
 Metaspace       used 55308K, capacity 57018K, committed 57216K, reserved 1097728K
  class space    used 7629K, capacity 8038K, committed 8064K, reserved 1048576K
}
Event: 6.486 GC heap before
{Heap before GC invocations=14 (full 2):
 PSYoungGen      total 144896K, used 51596K [0x00000000e0000000, 0x00000000ec100000, 0x0000000100000000)
  eden space 130560K, 28% used [0x00000000e0000000,0x00000000e2467fe8,0x00000000e7f80000)
  from space 14336K, 99% used [0x00000000e7f80000,0x00000000e8d7b2a0,0x00000000e8d80000)
  to   space 18432K, 0% used [0x00000000eaf00000,0x00000000eaf00000,0x00000000ec100000)
 ParOldGen       total 94208K, used 24998K [0x00000000a0000000, 0x00000000a5c00000, 0x00000000e0000000)
  object space 94208K, 26% used [0x00000000a0000000,0x00000000a1869818,0x00000000a5c00000)
 Metaspace       used 57038K, capacity 59094K, committed 59160K, reserved 1099776K
  class space    used 7905K, capacity 8404K, committed 8448K, reserved 1048576K
Event: 6.495 GC heap after
Heap after GC invocations=14 (full 2):
 PSYoungGen      total 179200K, used 4274K [0x00000000e0000000, 0x00000000ec800000, 0x0000000100000000)
  eden space 160768K, 0% used [0x00000000e0000000,0x00000000e0000000,0x00000000e9d00000)
  from space 18432K, 23% used [0x00000000eaf00000,0x00000000eb32ca18,0x00000000ec100000)
  to   space 18432K, 0% used [0x00000000e9d00000,0x00000000e9d00000,0x00000000eaf00000)
 ParOldGen       total 94208K, used 31852K [0x00000000a0000000, 0x00000000a5c00000, 0x00000000e0000000)
  object space 94208K, 33% used [0x00000000a0000000,0x00000000a1f1b008,0x00000000a5c00000)
 Metaspace       used 57038K, capacity 59094K, committed 59160K, reserved 1099776K
  class space    used 7905K, capacity 8404K, committed 8448K, reserved 1048576K
}
Event: 6.495 GC heap before
{Heap before GC invocations=15 (full 3):
 PSYoungGen      total 179200K, used 4274K [0x00000000e0000000, 0x00000000ec800000, 0x0000000100000000)
  eden space 160768K, 0% used [0x00000000e0000000,0x00000000e0000000,0x00000000e9d00000)
  from space 18432K, 23% used [0x00000000eaf00000,0x00000000eb32ca18,0x00000000ec100000)
  to   space 18432K, 0% used [0x00000000e9d00000,0x00000000e9d00000,0x00000000eaf00000)
 ParOldGen       total 94208K, used 31852K [0x00000000a0000000, 0x00000000a5c00000, 0x00000000e0000000)
  object space 94208K, 33% used [0x00000000a0000000,0x00000000a1f1b008,0x00000000a5c00000)
 Metaspace       used 57038K, capacity 59094K, committed 59160K, reserved 1099776K
  class space    used 7905K, capacity 8404K, committed 8448K, reserved 1048576K
Event: 6.701 GC heap after
Heap after GC invocations=15 (full 3):
 PSYoungGen      total 179200K, used 0K [0x00000000e0000000, 0x00000000ec800000, 0x0000000100000000)
  eden space 160768K, 0% used [0x00000000e0000000,0x00000000e0000000,0x00000000e9d00000)
  from space 18432K, 0% used [0x00000000eaf00000,0x00000000eaf00000,0x00000000ec100000)
  to   space 18432K, 0% used [0x00000000e9d00000,0x00000000e9d00000,0x00000000eaf00000)
 ParOldGen       total 94208K, used 31018K [0x00000000a0000000, 0x00000000a5c00000, 0x00000000e0000000)
  object space 94208K, 32% used [0x00000000a0000000,0x00000000a1e4a828,0x00000000a5c00000)
 Metaspace       used 56910K, capacity 58740K, committed 59160K, reserved 1099776K
  class space    used 7866K, capacity 8335K, committed 8448K, reserved 1048576K
}

